<?xml version="1.0" encoding="UTF-8"?>
<testng-results ignored="0" total="1" passed="1" failed="0" skipped="0">
  <reporter-output>
  </reporter-output>
  <suite started-at="2021-12-12T18:52:35 IST" name="Default suite" finished-at="2021-12-12T18:52:35 IST" duration-ms="717">
    <groups>
      <group name="cucumber">
        <method signature="AbstractTestNGCucumberTests.feature(cucumber.api.testng.CucumberFeatureWrapper)[pri:0, instance:stepDefinitions.MainRunner@25df00a0]" name="feature" class="cucumber.api.testng.AbstractTestNGCucumberTests"/>
      </group> <!-- cucumber -->
    </groups>
    <test started-at="2021-12-12T18:52:35 IST" name="Default test" finished-at="2021-12-12T18:52:35 IST" duration-ms="717">
      <class name="stepDefinitions.MainRunner">
        <test-method is-config="true" signature="setUpClass()[pri:0, instance:stepDefinitions.MainRunner@25df00a0]" started-at="2021-12-12T18:52:35 IST" name="setUpClass" finished-at="2021-12-12T18:52:35 IST" duration-ms="421" status="PASS">
          <reporter-output>
          </reporter-output>
        </test-method> <!-- setUpClass -->
        <test-method signature="feature(cucumber.api.testng.CucumberFeatureWrapper)[pri:0, instance:stepDefinitions.MainRunner@25df00a0]" started-at="2021-12-12T18:52:35 IST" name="feature" description="Runs Cucumber Feature" data-provider="features" finished-at="2021-12-12T18:52:35 IST" duration-ms="15" status="PASS">
          <params>
            <param index="0">
              <value>
                <![CDATA[Verify and automate the scenario for NEWS18 Homepage Web Application]]>
              </value>
            </param>
          </params>
          <reporter-output>
          </reporter-output>
        </test-method> <!-- feature -->
        <test-method is-config="true" signature="tearDownClass()[pri:0, instance:stepDefinitions.MainRunner@25df00a0]" started-at="2021-12-12T18:52:35 IST" name="tearDownClass" finished-at="2021-12-12T18:52:35 IST" duration-ms="49" status="PASS">
          <reporter-output>
          </reporter-output>
        </test-method> <!-- tearDownClass -->
      </class> <!-- stepDefinitions.MainRunner -->
    </test> <!-- Default test -->
  </suite> <!-- Default suite -->
</testng-results>
